0 info it worked if it ends with ok
1 verbose cli [
1 verbose cli   'C:\\Program Files\\nodejs\\node.exe',
1 verbose cli   'C:\\Program Files\\nodejs\\node_modules\\npm\\bin\\npm-cli.js',
1 verbose cli   'publish'
1 verbose cli ]
2 info using npm@6.14.6
3 info using node@v12.18.4
4 verbose npm-session 27e7a88ef5a22fc4
5 verbose publish [ '.' ]
6 info lifecycle console-l@1.0.0~prepublish: console-l@1.0.0
7 info lifecycle console-l@1.0.0~prepare: console-l@1.0.0
8 info lifecycle console-l@1.0.0~prepublishOnly: console-l@1.0.0
9 info lifecycle console-l@1.0.0~prepack: console-l@1.0.0
10 info lifecycle console-l@1.0.0~postpack: console-l@1.0.0
11 notice
12 notice package: console-l@1.0.0
13 notice === Tarball Contents ===
14 notice 180B tmpnodejsnpm-cache/_cacache/index-v5/aa/60/314212ab5c991854366d06bd9a3625efe115b7920072fb17b5fdda635974
14 notice 159B tmpnodejsnpm-cache/_cacache/index-v5/42/e8/733f84666bf8ae51438746731476ab9b2f309ff6f8ebeda2a8ff3fe11009
14 notice 68B  index.js
14 notice 518B package.json
14 notice 189B README.md
15 notice === Tarball Details ===
16 notice name:          console-l
16 notice version:       1.0.0
16 notice package size:  904 B
16 notice unpacked size: 1.1 kB
16 notice shasum:        b06639d10f190d0d2d90f4f2557e1fd593d1ba46
16 notice integrity:     sha512-F5MrR+SxoUjr1[...]pscBeJJcxSD1Q==
16 notice total files:   5
17 notice
18 http fetch PUT 403 https://registry.npmjs.org/console-l 2413ms
19 verbose stack Error: 403 Forbidden - PUT https://registry.npmjs.org/console-l - console-l cannot be republished until 24 hours have passed.
19 verbose stack     at C:\Users\Afzal\AppData\Roaming\nvm\v12.18.4\node_modules\npm\node_modules\npm-registry-fetch\check-response.js:114:15
19 verbose stack     at processTicksAndRejections (internal/process/task_queues.js:97:5)
20 verbose statusCode 403
21 verbose pkgid console-l@1.0.0
22 verbose cwd C:\Users\Afzal\Desktop\log-package\package
23 verbose Windows_NT 6.1.7601
24 verbose argv "C:\\Program Files\\nodejs\\node.exe" "C:\\Program Files\\nodejs\\node_modules\\npm\\bin\\npm-cli.js" "publish"
25 verbose node v12.18.4
26 verbose npm  v6.14.6
27 error code E403
28 error 403 403 Forbidden - PUT https://registry.npmjs.org/console-l - console-l cannot be republished until 24 hours have passed.
29 error 403 In most cases, you or one of your dependencies are requesting
29 error 403 a package version that is forbidden by your security policy.
30 verbose exit [ 1, true ]
